0.000
2.058
3.751
4.779
4.961
4.263
2.810
0.860
-1.243
-3.126
-4.455
-4.994
-4.649
-3.480
-1.694
0.392
2.409
3.998
4.880
4.896
4.045
2.477
0.471
-1.620
-3.423
-4.619
-4.998
-4.490
-3.187
-1.319
0.782
2.745
4.222
4.950
4.801
3.802
2.129
0.079
-1.986
-3.698
-4.755
-4.970
-4.304
-2.875
-0.937
1.167
3.065
4.419
4.990
4.677
3.536
1.767
-0.314
-2.340
-3.951
-4.862
-4.911
-4.091
-2.545
-0.549
1.545
3.365
4.589
4.999
4.524
3.247
1.395
-0.705
-2.679
-4.179
-4.938
-4.823
-3.853
-2.200
-0.157
1.913
3.645
4.730
4.978
4.343
2.939
1.014
-1.091
-3.002
-4.382
-4.985
-4.704
-3.591
-1.841
0.236
2.270
3.902
4.843
4.926
4.135
2.612
0.627
-1.470
-3.307
-4.557
-5.000
-4.557
-3.307
-1.470
0.627
2.612
4.135
4.926
4.843
3.902
2.270
0.236
-1.841
-3.591
-4.704
-4.985
-4.382
-3.002
-1.091
1.014
2.939
4.343
4.978
4.730
3.645
1.913
-0.157
-2.200
-3.853
-4.823
-4.938
-4.179
-2.679
-0.705
1.395
3.247
4.524
4.999
4.589
3.365
1.545
-0.549
-2.545
-4.091
-4.911
-4.862
-3.951
-2.340
-0.314
1.767
3.536
4.677
4.990
4.419
3.065
1.167
-0.937
-2.875
-4.304
-4.970
-4.755
-3.698
-1.986
0.079
2.129
3.802
4.801
4.950
4.222
2.745
0.782
-1.319
-3.187
-4.490
-4.998
-4.619
-3.423
-1.620
0.471
2.477
4.045
4.896
4.880
3.998
2.409
0.392
-1.694
-3.480
-4.649
-4.994
-4.455
-3.126
-1.243
0.860
2.810
4.263
4.961
4.779
3.751
2.058
0.000
-2.058
-3.751
-4.779
-4.961
-4.263
-2.810
-0.860
1.243
3.126
4.455
4.994
4.649
3.480
1.694
-0.392
-2.409
-3.998
-4.880
-4.896
-4.045
-2.477
-0.471
1.620
3.423
4.619
4.998
4.490
3.187
1.319
-0.782
-2.745
-4.222
-4.950
-4.801
-3.802
-2.129
-0.079
1.986
3.698
4.755
4.970
4.304
2.875
0.937
-1.167
-3.065
-4.419
-4.990
-4.677
-3.536
-1.767
0.314
2.340
3.951
4.862
4.911
4.091
2.545
0.549
-1.545
-3.365
-4.589
-4.999
-4.524
-3.247
-1.395
0.705
2.679
4.179
4.938
4.823
3.853
2.200
0.157
-1.913
-3.645
-4.730
-4.978
-4.343
-2.939
-1.014
1.091
3.002
4.382
4.985
4.704
3.591
1.841
-0.236
-2.270
-3.902
-4.843
-4.926
-4.135
-2.612
-0.627
1.470
3.307
4.557
5.000
4.557
3.307
1.470
-0.627
-2.612
-4.135
-4.926
-4.843
-3.902
-2.270
-0.236
1.841
3.591
4.704
4.985
4.382
3.002
1.091
-1.014
-2.939
-4.343
-4.978
-4.730
-3.645
-1.913
0.157
2.200
3.853
4.823
4.938
4.179
2.679
0.705
-1.395
-3.247
-4.524
-4.999
-4.589
-3.365
-1.545
0.549
2.545
4.091
4.911
4.862
3.951
2.340
0.314
-1.767
-3.536
-4.677
-4.990
-4.419
-3.065
-1.167
0.937
2.875
4.304
4.970
4.755
3.698
1.986
-0.079
-2.129
-3.802
-4.801
-4.950
-4.222
-2.745
-0.782
1.319
3.187
4.490
4.998
4.619
3.423
1.620
-0.471
-2.477
-4.045
-4.896
-4.880
-3.998
-2.409
-0.392
1.694
3.480
4.649
4.994
4.455
3.126
1.243
-0.860
-2.810
-4.263
-4.961
-4.779
-3.751
-2.058
-0.000
2.058
3.751
4.779
4.961
4.263
2.810
0.860
-1.243
-3.126
-4.455
-4.994
-4.649
-3.480
-1.694
0.392
2.409
3.998
4.880
4.896
4.045
2.477
0.471
-1.620
-3.423
-4.619
-4.998
-4.490
-3.187
-1.319
0.782
2.745
4.222
4.950
4.801
3.802
2.129
0.079
-1.986
-3.698
-4.755
-4.970
-4.304
-2.875
-0.937
1.167
3.065
4.419
4.990
4.677
3.536
1.767
-0.314
-2.340
-3.951
-4.862
-4.911
-4.091
-2.545
-0.549
1.545
3.365
4.589
4.999
4.524
3.247
1.395
-0.705
-2.679
-4.179
-4.938
-4.823
-3.853
-2.200
-0.157
1.913
3.645
4.730
4.978
4.343
2.939
1.014
-1.091
-3.002
-4.382
-4.985
-4.704
-3.591
-1.841
0.236
2.270
3.902
4.843
4.926
4.135
2.612
0.627
-1.470
-3.307
-4.557
-5.000
-4.557
-3.307
-1.470
0.627
2.612
4.135
4.926
4.843
3.902
2.270
0.236
-1.841
-3.591
-4.704
-4.985
-4.382
-3.002
-1.091
1.014
2.939
4.343
4.978
4.730
3.645
1.913
-0.157
-2.200
-3.853
-4.823
-4.938
-4.179
-2.679
-0.705
1.395
3.247
4.524
4.999
4.589
3.365
1.545
-0.549
-2.545
-4.091
-4.911
-4.862
-3.951
-2.340
-0.314
1.767
3.536
4.677
4.990
4.419
3.065
1.167
-0.937
-2.875
-4.304
-4.970
-4.755
-3.698
-1.986
0.079
2.129
3.802
4.801
4.950
4.222
2.745
0.782
-1.319
-3.187
-4.490
-4.998
-4.619
-3.423
-1.620
0.471
2.477
4.045
4.896
4.880
3.998
2.409
0.392
-1.694
-3.480
-4.649
-4.994
-4.455
-3.126
-1.243
0.860
2.810
4.263
4.961
4.779
3.751
2.058
0.000
-2.058
-3.751
-4.779
-4.961
-4.263
-2.810
-0.860
1.243
3.126
4.455
4.994
4.649
3.480
1.694
-0.392
-2.409
-3.998
-4.880
-4.896
-4.045
-2.477
-0.471
1.620
3.423
4.619
4.998
4.490
3.187
1.319
-0.782
-2.745
-4.222
-4.950
-4.801
-3.802
-2.129
-0.079
1.986
3.698
4.755
4.970
4.304
2.875
0.937
-1.167
-3.065
-4.419
-4.990
-4.677
-3.536
-1.767
0.314
2.340
3.951
4.862
4.911
4.091
2.545
0.549
-1.545
-3.365
-4.589
-4.999
-4.524
-3.247
-1.395
0.705
2.679
4.179
4.938
4.823
3.853
2.200
0.157
-1.913
-3.645
-4.730
-4.978
-4.343
-2.939
-1.014
1.091
3.002
4.382
4.985
4.704
3.591
1.841
-0.236
-2.270
-3.902
-4.843
-4.926
-4.135
-2.612
-0.627
1.470
3.307
4.557
5.000
4.557
3.307
1.470
-0.627
-2.612
-4.135
-4.926
-4.843
-3.902
-2.270
-0.236
1.841
3.591
4.704
4.985
4.382
3.002
1.091
-1.014
-2.939
-4.343
-4.978
-4.730
-3.645
-1.913
0.157
2.200
3.853
4.823
4.938
4.179
2.679
0.705
-1.395
-3.247
-4.524
-4.999
-4.589
-3.365
-1.545
0.549
2.545
4.091
4.911
4.862
3.951
2.340
0.314
-1.767
-3.536
-4.677
-4.990
-4.419
-3.065
-1.167
0.937
2.875
4.304
4.970
4.755
3.698
1.986
-0.079
-2.129
-3.802
-4.801
-4.950
-4.222
-2.745
-0.782
1.319
3.187
4.490
4.998
4.619
3.423
1.620
-0.471
-2.477
-4.045
-4.896
-4.880
-3.998
-2.409
-0.392
1.694
3.480
4.649
4.994
4.455
3.126
1.243
-0.860
-2.810
-4.263
-4.961
-4.779
-3.751
-2.058
-0.000
2.058
3.751
4.779
4.961
4.263
2.810
0.860
-1.243
-3.126
-4.455
-4.994
-4.649
-3.480
-1.694
0.392
2.409
3.998
4.880
4.896
4.045
2.477
0.471
-1.620
-3.423
-4.619
-4.998
-4.490
-3.187
-1.319
0.782
2.745
4.222
4.950
4.801
3.802
2.129
0.079
-1.986
-3.698
-4.755
-4.970
-4.304
-2.875
-0.937
1.167
3.065
4.419
4.990
4.677
3.536
1.767
-0.314
-2.340
-3.951
-4.862
-4.911
-4.091
-2.545
-0.549
1.545
3.365
4.589
4.999
4.524
3.247
1.395
-0.705
-2.679
-4.179
-4.938
-4.823
-3.853
-2.200
-0.157
1.913
3.645
4.730
4.978
4.343
2.939
1.014
-1.091
-3.002
-4.382
-4.985
-4.704
-3.591
-1.841
0.236
2.270
3.902
4.843
4.926
4.135
2.612
0.627
-1.470
-3.307
-4.557
-5.000
-4.557
-3.307
-1.470
0.627
2.612
4.135
4.926
4.843
3.902
2.270
0.236
-1.841
-3.591
-4.704
-4.985
-4.382
-3.002
-1.091
1.014
2.939
4.343
4.978
4.730
3.645
1.913
-0.157
-2.200
-3.853
-4.823
-4.938
-4.179
-2.679
-0.705
1.395
3.247
4.524
4.999
4.589
3.365
1.545
-0.549
-2.545
-4.091
-4.911
-4.862
-3.951
-2.340
-0.314
1.767
3.536
4.677
4.990
4.419
3.065
1.167
-0.937
-2.875
-4.304
-4.970
-4.755
-3.698
-1.986
0.079
2.129
3.802
4.801
4.950
4.222
2.745
0.782
-1.319
-3.187
-4.490
-4.998
-4.619
-3.423
-1.620
0.471
2.477
4.045
4.896
4.880
3.998
2.409
0.392
-1.694
-3.480
-4.649
-4.994
-4.455
-3.126
-1.243
0.860
2.810
4.263
4.961
4.779
3.751
2.058
0.000
-2.058
-3.751
-4.779
-4.961
-4.263
-2.810
-0.860
1.243
3.126
4.455
4.994
4.649
3.480
1.694
-0.392
-2.409
-3.998
-4.880
-4.896
-4.045
-2.477
-0.471
1.620
3.423
4.619
4.998
4.490
3.187
1.319
-0.782
-2.745
-4.222
-4.950
-4.801
-3.802
-2.129
-0.079
1.986
3.698
4.755
4.970
4.304
2.875
0.937
-1.167
-3.065
-4.419
-4.990
-4.677
-3.536
-1.767
0.314
2.340
3.951
4.862
4.911
4.091
2.545
0.549
-1.545
-3.365
-4.589
-4.999
-4.524
-3.247
-1.395
0.705
2.679
4.179
4.938
4.823
3.853
2.200
0.157
-1.913
-3.645
-4.730
-4.978
-4.343
-2.939
-1.014
1.091
3.002
4.382
4.985
4.704
3.591
1.841
-0.236
-2.270
-3.902
-4.843
-4.926
-4.135
-2.612
-0.627
1.470
3.307
4.557
5.000
4.557
3.307
1.470
-0.627
-2.612
-4.135
-4.926
-4.843
-3.902
-2.270
-0.236
1.841
3.591
4.704
4.985
4.382
3.002
1.091
-1.014
-2.939
-4.343
-4.978
-4.730
-3.645
-1.913
0.157
2.200
3.853
4.823
4.938
4.179
2.679
0.705
-1.395
-3.247
-4.524
-4.999
-4.589
-3.365
-1.545
0.549
2.545
4.091
4.911
4.862
3.951
2.340
0.314
-1.767
-3.536
-4.677
-4.990
-4.419
-3.065
-1.167
0.937
2.875
4.304
4.970
4.755
3.698
1.986
-0.079
-2.129
-3.802
-4.801
-4.950
-4.222
-2.745
-0.782
1.319
3.187
4.490
4.998
4.619
3.423
1.620
-0.471
-2.477
-4.045
-4.896
-4.880
-3.998
-2.409
-0.392
